<?xml version="1.0" encoding="UTF-8"?>
<!-- Generated by org.testng.reporters.JUnitReportReporter -->
<testsuite skipped="0" hostname="DESKTOP-AMOSNVQ" name="runners.TestRunner" tests="1" failures="0" timestamp="2021-05-06T04:03:38 EDT" time="21.001" errors="0">
  <testcase name="runScenario" time="21.001" classname="runners.TestRunner"/>
  <system-out/>
</testsuite> <!-- runners.TestRunner -->
