<?xml version="1.0" encoding="UTF-8"?>
<!-- Generated by org.testng.reporters.JUnitReportReporter -->
<testsuite skipped="0" hostname="DESKTOP-AMOSNVQ" name="tests.Tutorials_Ninja_Login_Page_Test" tests="1" failures="0" timestamp="2021-05-06T03:31:57 EDT" time="30.900" errors="0">
  <testcase name="loginToApplication" time="30.900" classname="tests.Tutorials_Ninja_Login_Page_Test"/>
  <system-out/>
</testsuite> <!-- tests.Tutorials_Ninja_Login_Page_Test -->
